have_library: checking for -lxerces-c... -------------------- yes

DYLD_LIBRARY_PATH=.:/Users/dberger/.rbenv/versions/3.4.7/lib ASAN_OPTIONS=detect_leaks=0 "clang -o conftest -I/Users/dberger/.rbenv/versions/3.4.7/include/ruby-3.4.0/arm64-darwin24 -I/Users/dberger/.rbenv/versions/3.4.7/include/ruby-3.4.0/ruby/backward -I/Users/dberger/.rbenv/versions/3.4.7/include/ruby-3.4.0 -I../../../../ext/rxerces -I/opt/homebrew/opt/xerces-c/include -I/opt/homebrew/opt/openjdk/include -D_XOPEN_SOURCE -D_DARWIN_C_SOURCE -D_DARWIN_UNLIMITED_SELECT -D_REENTRANT   -fstack-protector-strong -U_FORTIFY_SOURCE -D_FORTIFY_SOURCE=2 -fdeclspec  -O3 -fno-fast-math -ggdb3 -Wall -Wextra -Wextra-tokens -Wdeprecated-declarations -Wdivision-by-zero -Wdiv-by-zero -Wimplicit-function-declaration -Wimplicit-int -Wpointer-arith -Wshorten-64-to-32 -Wwrite-strings -Wold-style-definition -Wmissing-noreturn -Wno-cast-function-type -Wno-constant-logical-operand -Wno-long-long -Wno-missing-field-initializers -Wno-overlength-strings -Wno-parentheses-equality -Wno-self-assign -Wno-tautological-compare -Wno-unused-parameter -Wno-unused-value -Wunused-variable -Wmisleading-indentation -Wundef -fno-common -pipe conftest.c -L. -L/Users/dberger/.rbenv/versions/3.4.7/lib -L. -L/opt/homebrew/opt/postgresql@17/lib -fstack-protector-strong -L/opt/homebrew/Cellar/gmp/6.3.0/lib -L/opt/homebrew/opt/xerces-c/lib  -arch arm64   -lruby.3.4  -lpthread  "
checked program was:
/* begin */
1: #include "ruby.h"
2: 
3: int main(int argc, char **argv)
4: {
5:   return !!argv[argc];
6: }
/* end */

DYLD_LIBRARY_PATH=.:/Users/dberger/.rbenv/versions/3.4.7/lib ASAN_OPTIONS=detect_leaks=0 "clang -o conftest -I/Users/dberger/.rbenv/versions/3.4.7/include/ruby-3.4.0/arm64-darwin24 -I/Users/dberger/.rbenv/versions/3.4.7/include/ruby-3.4.0/ruby/backward -I/Users/dberger/.rbenv/versions/3.4.7/include/ruby-3.4.0 -I../../../../ext/rxerces -I/opt/homebrew/opt/xerces-c/include -I/opt/homebrew/opt/openjdk/include -D_XOPEN_SOURCE -D_DARWIN_C_SOURCE -D_DARWIN_UNLIMITED_SELECT -D_REENTRANT   -fstack-protector-strong -U_FORTIFY_SOURCE -D_FORTIFY_SOURCE=2 -fdeclspec  -O3 -fno-fast-math -ggdb3 -Wall -Wextra -Wextra-tokens -Wdeprecated-declarations -Wdivision-by-zero -Wdiv-by-zero -Wimplicit-function-declaration -Wimplicit-int -Wpointer-arith -Wshorten-64-to-32 -Wwrite-strings -Wold-style-definition -Wmissing-noreturn -Wno-cast-function-type -Wno-constant-logical-operand -Wno-long-long -Wno-missing-field-initializers -Wno-overlength-strings -Wno-parentheses-equality -Wno-self-assign -Wno-tautological-compare -Wno-unused-parameter -Wno-unused-value -Wunused-variable -Wmisleading-indentation -Wundef -fno-common -pipe conftest.c -L. -L/Users/dberger/.rbenv/versions/3.4.7/lib -L. -L/opt/homebrew/opt/postgresql@17/lib -fstack-protector-strong -L/opt/homebrew/Cellar/gmp/6.3.0/lib -L/opt/homebrew/opt/xerces-c/lib  -arch arm64   -lruby.3.4 -lxerces-c  -lpthread  "
checked program was:
/* begin */
 1: #include "ruby.h"
 2: 
 3: /*top*/
 4: extern int t(void);
 5: int main(int argc, char **argv)
 6: {
 7:   if (argc > 1000000) {
 8:     int (* volatile tp)(void)=(int (*)(void))&t;
 9:     printf("%d", (*tp)());
10:   }
11: 
12:   return !!argv[argc];
13: }
14: 
15: int t(void) { ; return 0; }
/* end */

--------------------

find_header: checking for xercesc/util/PlatformUtils.hpp... -------------------- no

DYLD_LIBRARY_PATH=.:/Users/dberger/.rbenv/versions/3.4.7/lib ASAN_OPTIONS=detect_leaks=0 "clang -I/Users/dberger/.rbenv/versions/3.4.7/include/ruby-3.4.0/arm64-darwin24 -I/Users/dberger/.rbenv/versions/3.4.7/include/ruby-3.4.0/ruby/backward -I/Users/dberger/.rbenv/versions/3.4.7/include/ruby-3.4.0 -I../../../../ext/rxerces -I/opt/homebrew/opt/xerces-c/include -I/opt/homebrew/opt/openjdk/include -D_XOPEN_SOURCE -D_DARWIN_C_SOURCE -D_DARWIN_UNLIMITED_SELECT -D_REENTRANT   -fstack-protector-strong -U_FORTIFY_SOURCE -D_FORTIFY_SOURCE=2 -fdeclspec  -O3 -fno-fast-math -ggdb3 -Wall -Wextra -Wextra-tokens -Wdeprecated-declarations -Wdivision-by-zero -Wdiv-by-zero -Wimplicit-function-declaration -Wimplicit-int -Wpointer-arith -Wshorten-64-to-32 -Wwrite-strings -Wold-style-definition -Wmissing-noreturn -Wno-cast-function-type -Wno-constant-logical-operand -Wno-long-long -Wno-missing-field-initializers -Wno-overlength-strings -Wno-parentheses-equality -Wno-self-assign -Wno-tautological-compare -Wno-unused-parameter -Wno-unused-value -Wunused-variable -Wmisleading-indentation -Wundef -fno-common -pipe -arch arm64  -c conftest.c"
In file included from conftest.c:3:
In file included from /opt/homebrew/opt/xerces-c/include/xercesc/util/PlatformUtils.hpp:25:
In file included from /opt/homebrew/opt/xerces-c/include/xercesc/util/XercesDefs.hpp:46:
/opt/homebrew/opt/xerces-c/include/xercesc/util/Xerces_autoconf_config.hpp:107:5: warning: 'XERCES_INCLUDE_WCHAR_H' is not defined, evaluates to 0 [-Wundef]
  107 | #if XERCES_INCLUDE_WCHAR_H
      |     ^
/opt/homebrew/opt/xerces-c/include/xercesc/util/Xerces_autoconf_config.hpp:123:9: error: unknown type name 'char16_t'
  123 | typedef XERCES_XMLCH_T                          XMLCh;
      |         ^
/opt/homebrew/opt/xerces-c/include/xercesc/util/Xerces_autoconf_config.hpp:66:24: note: expanded from macro 'XERCES_XMLCH_T'
   66 | #define XERCES_XMLCH_T char16_t
      |                        ^
In file included from conftest.c:3:
In file included from /opt/homebrew/opt/xerces-c/include/xercesc/util/PlatformUtils.hpp:25:
/opt/homebrew/opt/xerces-c/include/xercesc/util/XercesDefs.hpp:109:5: error: unknown type name 'namespace'
  109 |     namespace XERCES_CPP_NAMESPACE { }
      |     ^
/opt/homebrew/opt/xerces-c/include/xercesc/util/XercesDefs.hpp:109:35: error: expected ';' after top level declarator
  109 |     namespace XERCES_CPP_NAMESPACE { }
      |                                   ^
      |                                   ;
/opt/homebrew/opt/xerces-c/include/xercesc/util/XercesDefs.hpp:110:5: error: unknown type name 'namespace'
  110 |     namespace xercesc = XERCES_CPP_NAMESPACE;
      |     ^
In file included from conftest.c:3:
In file included from /opt/homebrew/opt/xerces-c/include/xercesc/util/PlatformUtils.hpp:26:
In file included from /opt/homebrew/opt/xerces-c/include/xercesc/util/XMLException.hpp:26:
/opt/homebrew/opt/xerces-c/include/xercesc/util/XMemory.hpp:28:1: error: unknown type name 'namespace'
   28 | XERCES_CPP_NAMESPACE_BEGIN
      | ^
/opt/homebrew/opt/xerces-c/include/xercesc/util/XercesDefs.hpp:104:40: note: expanded from macro 'XERCES_CPP_NAMESPACE_BEGIN'
  104 |     #define XERCES_CPP_NAMESPACE_BEGIN namespace XERCES_CPP_NAMESPACE {
      |                                        ^
In file included from conftest.c:3:
In file included from /opt/homebrew/opt/xerces-c/include/xercesc/util/PlatformUtils.hpp:26:
In file included from /opt/homebrew/opt/xerces-c/include/xercesc/util/XMLException.hpp:26:
/opt/homebrew/opt/xerces-c/include/xercesc/util/XMemory.hpp:28:1: error: expected ';' after top level declarator
/opt/homebrew/opt/xerces-c/include/xercesc/util/XercesDefs.hpp:104:71: note: expanded from macro 'XERCES_CPP_NAMESPACE_BEGIN'
  104 |     #define XERCES_CPP_NAMESPACE_BEGIN namespace XERCES_CPP_NAMESPACE {
      |                                                                       ^
In file included from conftest.c:3:
In file included from /opt/homebrew/opt/xerces-c/include/xercesc/util/PlatformUtils.hpp:26:
In file included from /opt/homebrew/opt/xerces-c/include/xercesc/util/XMLException.hpp:27:
In file included from /opt/homebrew/opt/xerces-c/include/xercesc/util/XMLExceptMsgs.hpp:7:
/opt/homebrew/opt/xerces-c/include/xercesc/dom/DOMError.hpp:27:1: error: unknown type name 'namespace'
   27 | XERCES_CPP_NAMESPACE_BEGIN
      | ^
/opt/homebrew/opt/xerces-c/include/xercesc/util/XercesDefs.hpp:104:40: note: expanded from macro 'XERCES_CPP_NAMESPACE_BEGIN'
  104 |     #define XERCES_CPP_NAMESPACE_BEGIN namespace XERCES_CPP_NAMESPACE {
      |                                        ^
In file included from conftest.c:3:
In file included from /opt/homebrew/opt/xerces-c/include/xercesc/util/PlatformUtils.hpp:26:
In file included from /opt/homebrew/opt/xerces-c/include/xercesc/util/XMLException.hpp:27:
In file included from /opt/homebrew/opt/xerces-c/include/xercesc/util/XMLExceptMsgs.hpp:7:
/opt/homebrew/opt/xerces-c/include/xercesc/dom/DOMError.hpp:27:1: error: expected ';' after top level declarator
/opt/homebrew/opt/xerces-c/include/xercesc/util/XercesDefs.hpp:104:71: note: expanded from macro 'XERCES_CPP_NAMESPACE_BEGIN'
  104 |     #define XERCES_CPP_NAMESPACE_BEGIN namespace XERCES_CPP_NAMESPACE {
      |                                                                       ^
In file included from conftest.c:3:
In file included from /opt/homebrew/opt/xerces-c/include/xercesc/util/PlatformUtils.hpp:26:
In file included from /opt/homebrew/opt/xerces-c/include/xercesc/util/XMLException.hpp:27:
/opt/homebrew/opt/xerces-c/include/xercesc/util/XMLExceptMsgs.hpp:9:1: error: unknown type name 'namespace'
    9 | XERCES_CPP_NAMESPACE_BEGIN
      | ^
/opt/homebrew/opt/xerces-c/include/xercesc/util/XercesDefs.hpp:104:40: note: expanded from macro 'XERCES_CPP_NAMESPACE_BEGIN'
  104 |     #define XERCES_CPP_NAMESPACE_BEGIN namespace XERCES_CPP_NAMESPACE {
      |                                        ^
In file included from conftest.c:3:
In file included from /opt/homebrew/opt/xerces-c/include/xercesc/util/PlatformUtils.hpp:26:
In file included from /opt/homebrew/opt/xerces-c/include/xercesc/util/XMLException.hpp:27:
/opt/homebrew/opt/xerces-c/include/xercesc/util/XMLExceptMsgs.hpp:9:1: error: expected ';' after top level declarator
/opt/homebrew/opt/xerces-c/include/xercesc/util/XercesDefs.hpp:104:71: note: expanded from macro 'XERCES_CPP_NAMESPACE_BEGIN'
  104 |     #define XERCES_CPP_NAMESPACE_BEGIN namespace XERCES_CPP_NAMESPACE {
      |                                                                       ^
In file included from conftest.c:3:
In file included from /opt/homebrew/opt/xerces-c/include/xercesc/util/PlatformUtils.hpp:26:
In file included from /opt/homebrew/opt/xerces-c/include/xercesc/util/XMLException.hpp:28:
/opt/homebrew/opt/xerces-c/include/xercesc/util/XMLUni.hpp:36:1: error: unknown type name 'namespace'
   36 | XERCES_CPP_NAMESPACE_BEGIN
      | ^
/opt/homebrew/opt/xerces-c/include/xercesc/util/XercesDefs.hpp:104:40: note: expanded from macro 'XERCES_CPP_NAMESPACE_BEGIN'
  104 |     #define XERCES_CPP_NAMESPACE_BEGIN namespace XERCES_CPP_NAMESPACE {
      |                                        ^
In file included from conftest.c:3:
In file included from /opt/homebrew/opt/xerces-c/include/xercesc/util/PlatformUtils.hpp:26:
In file included from /opt/homebrew/opt/xerces-c/include/xercesc/util/XMLException.hpp:28:
/opt/homebrew/opt/xerces-c/include/xercesc/util/XMLUni.hpp:36:1: error: expected ';' after top level declarator
/opt/homebrew/opt/xerces-c/include/xercesc/util/XercesDefs.hpp:104:71: note: expanded from macro 'XERCES_CPP_NAMESPACE_BEGIN'
  104 |     #define XERCES_CPP_NAMESPACE_BEGIN namespace XERCES_CPP_NAMESPACE {
      |                                                                       ^
In file included from conftest.c:3:
In file included from /opt/homebrew/opt/xerces-c/include/xercesc/util/PlatformUtils.hpp:26:
In file included from /opt/homebrew/opt/xerces-c/include/xercesc/util/XMLException.hpp:29:
/opt/homebrew/opt/xerces-c/include/xercesc/framework/XMLErrorReporter.hpp:27:1: error: unknown type name 'namespace'
   27 | XERCES_CPP_NAMESPACE_BEGIN
      | ^
/opt/homebrew/opt/xerces-c/include/xercesc/util/XercesDefs.hpp:104:40: note: expanded from macro 'XERCES_CPP_NAMESPACE_BEGIN'
  104 |     #define XERCES_CPP_NAMESPACE_BEGIN namespace XERCES_CPP_NAMESPACE {
      |                                        ^
In file included from conftest.c:3:
In file included from /opt/homebrew/opt/xerces-c/include/xercesc/util/PlatformUtils.hpp:26:
In file included from /opt/homebrew/opt/xerces-c/include/xercesc/util/XMLException.hpp:29:
/opt/homebrew/opt/xerces-c/include/xercesc/framework/XMLErrorReporter.hpp:27:1: error: expected ';' after top level declarator
/opt/homebrew/opt/xerces-c/include/xercesc/util/XercesDefs.hpp:104:71: note: expanded from macro 'XERCES_CPP_NAMESPACE_BEGIN'
  104 |     #define XERCES_CPP_NAMESPACE_BEGIN namespace XERCES_CPP_NAMESPACE {
      |                                                                       ^
In file included from conftest.c:3:
In file included from /opt/homebrew/opt/xerces-c/include/xercesc/util/PlatformUtils.hpp:26:
/opt/homebrew/opt/xerces-c/include/xercesc/util/XMLException.hpp:31:1: error: unknown type name 'namespace'
   31 | XERCES_CPP_NAMESPACE_BEGIN
      | ^
/opt/homebrew/opt/xerces-c/include/xercesc/util/XercesDefs.hpp:104:40: note: expanded from macro 'XERCES_CPP_NAMESPACE_BEGIN'
  104 |     #define XERCES_CPP_NAMESPACE_BEGIN namespace XERCES_CPP_NAMESPACE {
      |                                        ^
In file included from conftest.c:3:
In file included from /opt/homebrew/opt/xerces-c/include/xercesc/util/PlatformUtils.hpp:26:
/opt/homebrew/opt/xerces-c/include/xercesc/util/XMLException.hpp:31:1: error: expected ';' after top level declarator
/opt/homebrew/opt/xerces-c/include/xercesc/util/XercesDefs.hpp:104:71: note: expanded from macro 'XERCES_CPP_NAMESPACE_BEGIN'
  104 |     #define XERCES_CPP_NAMESPACE_BEGIN namespace XERCES_CPP_NAMESPACE {
      |                                                                       ^
In file included from conftest.c:3:
In file included from /opt/homebrew/opt/xerces-c/include/xercesc/util/PlatformUtils.hpp:27:
/opt/homebrew/opt/xerces-c/include/xercesc/util/PanicHandler.hpp:27:1: error: unknown type name 'namespace'
   27 | XERCES_CPP_NAMESPACE_BEGIN
      | ^
/opt/homebrew/opt/xerces-c/include/xercesc/util/XercesDefs.hpp:104:40: note: expanded from macro 'XERCES_CPP_NAMESPACE_BEGIN'
  104 |     #define XERCES_CPP_NAMESPACE_BEGIN namespace XERCES_CPP_NAMESPACE {
      |                                        ^
In file included from conftest.c:3:
In file included from /opt/homebrew/opt/xerces-c/include/xercesc/util/PlatformUtils.hpp:27:
/opt/homebrew/opt/xerces-c/include/xercesc/util/PanicHandler.hpp:27:1: error: expected ';' after top level declarator
/opt/homebrew/opt/xerces-c/include/xercesc/util/XercesDefs.hpp:104:71: note: expanded from macro 'XERCES_CPP_NAMESPACE_BEGIN'
  104 |     #define XERCES_CPP_NAMESPACE_BEGIN namespace XERCES_CPP_NAMESPACE {
      |                                                                       ^
In file included from conftest.c:3:
In file included from /opt/homebrew/opt/xerces-c/include/xercesc/util/PlatformUtils.hpp:29:
/opt/homebrew/opt/xerces-c/include/xercesc/util/XMLFileMgr.hpp:28:1: error: unknown type name 'namespace'
   28 | XERCES_CPP_NAMESPACE_BEGIN
      | ^
/opt/homebrew/opt/xerces-c/include/xercesc/util/XercesDefs.hpp:104:40: note: expanded from macro 'XERCES_CPP_NAMESPACE_BEGIN'
  104 |     #define XERCES_CPP_NAMESPACE_BEGIN namespace XERCES_CPP_NAMESPACE {
      |                                        ^
fatal error: too many errors emitted, stopping now [-ferror-limit=]
1 warning and 20 errors generated.
checked program was:
/* begin */
1: #include "ruby.h"
2: 
3: #include <xercesc/util/PlatformUtils.hpp>
/* end */

--------------------

